<?xml version="1.0" encoding="UTF-8"?>
<testng-results ignored="0" total="1" passed="1" failed="0" skipped="0">
  <reporter-output>
    <line>
      <![CDATA[createCustomer has been Passed]]>
    </line>
  </reporter-output>
  <suite started-at="2025-09-11T08:56:28 IST" name="Default suite" finished-at="2025-09-11T08:56:53 IST" duration-ms="24406">
    <groups>
    </groups>
    <test started-at="2025-09-11T08:56:28 IST" name="Default test" finished-at="2025-09-11T08:56:53 IST" duration-ms="24406">
      <class name="com.actitime.testscript.CustomerModule">
        <test-method is-config="true" signature="openBrowser()[pri:0, instance:com.actitime.testscript.CustomerModule@69c81773]" started-at="2025-09-11T08:56:28 IST" name="openBrowser" finished-at="2025-09-11T08:56:30 IST" duration-ms="2211" status="PASS">
          <reporter-output>
          </reporter-output>
        </test-method> <!-- openBrowser -->
        <test-method is-config="true" signature="login()[pri:0, instance:com.actitime.testscript.CustomerModule@69c81773]" started-at="2025-09-11T08:56:30 IST" name="login" finished-at="2025-09-11T08:56:31 IST" duration-ms="246" status="PASS">
          <reporter-output>
          </reporter-output>
        </test-method> <!-- login -->
        <test-method signature="createCustomer()[pri:0, instance:com.actitime.testscript.CustomerModule@69c81773]" started-at="2025-09-11T08:56:31 IST" name="createCustomer" finished-at="2025-09-11T08:56:52 IST" duration-ms="21513" status="PASS">
          <reporter-output>
            <line>
              <![CDATA[createCustomer has been Passed]]>
            </line>
          </reporter-output>
        </test-method> <!-- createCustomer -->
        <test-method is-config="true" signature="logout()[pri:0, instance:com.actitime.testscript.CustomerModule@69c81773]" started-at="2025-09-11T08:56:52 IST" name="logout" finished-at="2025-09-11T08:56:52 IST" duration-ms="155" status="PASS">
          <reporter-output>
          </reporter-output>
        </test-method> <!-- logout -->
        <test-method is-config="true" signature="closeBrowser()[pri:0, instance:com.actitime.testscript.CustomerModule@69c81773]" started-at="2025-09-11T08:56:52 IST" name="closeBrowser" finished-at="2025-09-11T08:56:53 IST" duration-ms="217" status="PASS">
          <reporter-output>
          </reporter-output>
        </test-method> <!-- closeBrowser -->
      </class> <!-- com.actitime.testscript.CustomerModule -->
    </test> <!-- Default test -->
  </suite> <!-- Default suite -->
</testng-results>
