<?xml version="1.0" encoding="UTF-8"?>
<!-- Generated by org.testng.reporters.JUnitReportReporter -->
<testsuite hostname="DESKTOP-7HJ645U" failures="0" tests="1" name="com.actitime.testscript.CustomerModule" time="21.914" errors="0" timestamp="2025-09-11T08:56:53 IST" skipped="0">
  <testcase classname="com.actitime.testscript.CustomerModule" name="createCustomer" time="21.914">
    <system-out>
      <![CDATA[createCustomer has been Passed]]>
    </system-out>
  </testcase> <!-- createCustomer -->
  <system-out>
    <![CDATA[createCustomer has been Passed]]>
  </system-out>
</testsuite> <!-- com.actitime.testscript.CustomerModule -->
